<?xml version="1.0" encoding="UTF-8"?>
<!-- Generated by org.testng.reporters.JUnitXMLReporter -->
<testsuite hostname="unknown" ignored="14" name="Meded" tests="1" failures="0" timestamp="2020-08-26T19:46:31 IST" time="28.031" errors="0">
  <testcase name="rememberMe_functionality" time="0.019" classname="com.meded.qa.Test_cases.LoginPage_Test"/>
  <testcase name="loginYourAccountText_Displayed" time="0.0" classname="com.meded.qa.Test_cases.LoginPage_Test">
    <ignored/>
  </testcase> <!-- loginYourAccountText_Displayed -->
  <testcase name="login_With_BlankEmail_And_BlankPassword" time="0.0" classname="com.meded.qa.Test_cases.LoginPage_Test">
    <ignored/>
  </testcase> <!-- login_With_BlankEmail_And_BlankPassword -->
  <testcase name="remeberMe_Checkbox_Unselected_Bydefault" time="0.0" classname="com.meded.qa.Test_cases.LoginPage_Test">
    <ignored/>
  </testcase> <!-- remeberMe_Checkbox_Unselected_Bydefault -->
  <testcase name="sendButton_Disabled_WhenEmailNotProvided" time="0.0" classname="com.meded.qa.Test_cases.LoginPage_Test">
    <ignored/>
  </testcase> <!-- sendButton_Disabled_WhenEmailNotProvided -->
  <testcase name="sendButton_Enabled_WhenEmailProvided" time="0.0" classname="com.meded.qa.Test_cases.LoginPage_Test">
    <ignored/>
  </testcase> <!-- sendButton_Enabled_WhenEmailProvided -->
  <testcase name="echonousLogo_Displayed" time="0.0" classname="com.meded.qa.Test_cases.LoginPage_Test">
    <ignored/>
  </testcase> <!-- echonousLogo_Displayed -->
  <testcase name="loginButton_Disabled_Without_Credentials" time="0.0" classname="com.meded.qa.Test_cases.LoginPage_Test">
    <ignored/>
  </testcase> <!-- loginButton_Disabled_Without_Credentials -->
  <testcase name="loginButton_Enabled_With_Credentials" time="0.0" classname="com.meded.qa.Test_cases.LoginPage_Test">
    <ignored/>
  </testcase> <!-- loginButton_Enabled_With_Credentials -->
  <testcase name="login_With_ValidEmail_And_InvalidPassword" time="0.0" classname="com.meded.qa.Test_cases.LoginPage_Test">
    <ignored/>
  </testcase> <!-- login_With_ValidEmail_And_InvalidPassword -->
  <testcase name="rememberMe_Dsiplayed" time="0.0" classname="com.meded.qa.Test_cases.LoginPage_Test">
    <ignored/>
  </testcase> <!-- rememberMe_Dsiplayed -->
  <testcase name="login_With_InvalidEmail_And_InvalidPassword" time="0.0" classname="com.meded.qa.Test_cases.LoginPage_Test">
    <ignored/>
  </testcase> <!-- login_With_InvalidEmail_And_InvalidPassword -->
  <testcase name="logIn_With_ValidEmail_And_ValidPassword" time="0.0" classname="com.meded.qa.Test_cases.LoginPage_Test">
    <ignored/>
  </testcase> <!-- logIn_With_ValidEmail_And_ValidPassword -->
  <testcase name="logIn_With_InvalidEmail_And_ValidPassword" time="0.0" classname="com.meded.qa.Test_cases.LoginPage_Test">
    <ignored/>
  </testcase> <!-- logIn_With_InvalidEmail_And_ValidPassword -->
  <testcase name="resetPasswordPage_RedirectedTO_Loginpage" time="0.0" classname="com.meded.qa.Test_cases.LoginPage_Test">
    <ignored/>
  </testcase> <!-- resetPasswordPage_RedirectedTO_Loginpage -->
</testsuite> <!-- Meded -->
