<?xml version="1.0" encoding="UTF-8"?>
<testng-results skipped="0" failed="0" ignored="14" total="15" passed="1">
  <reporter-output>
  </reporter-output>
  <suite name="Echonous" duration-ms="28031" started-at="2020-08-26T19:46:03 IST" finished-at="2020-08-26T19:46:31 IST">
    <groups>
      <group name="specific">
        <method signature="LoginPage_Test.rememberMe_functionality()[pri:15, instance:com.meded.qa.Test_cases.LoginPage_Test@32ee6fee]" name="rememberMe_functionality" class="com.meded.qa.Test_cases.LoginPage_Test"/>
      </group> <!-- specific -->
    </groups>
    <test name="Meded" duration-ms="28031" started-at="2020-08-26T19:46:03 IST" finished-at="2020-08-26T19:46:31 IST">
      <class name="com.meded.qa.Test_cases.LoginPage_Test">
        <test-method status="PASS" signature="initialize()[pri:0, instance:com.meded.qa.Test_cases.LoginPage_Test@32ee6fee]" name="initialize" is-config="true" duration-ms="27209" started-at="2020-08-26T19:46:03 IST" finished-at="2020-08-26T19:46:31 IST">
          <reporter-output>
          </reporter-output>
        </test-method> <!-- initialize -->
        <test-method status="PASS" signature="rememberMe_functionality()[pri:15, instance:com.meded.qa.Test_cases.LoginPage_Test@32ee6fee]" name="rememberMe_functionality" duration-ms="19" started-at="2020-08-26T19:46:31 IST" finished-at="2020-08-26T19:46:31 IST">
          <reporter-output>
          </reporter-output>
        </test-method> <!-- rememberMe_functionality -->
        <test-method status="PASS" signature="shutDown()[pri:0, instance:com.meded.qa.Test_cases.LoginPage_Test@32ee6fee]" name="shutDown" is-config="true" duration-ms="756" started-at="2020-08-26T19:46:31 IST" finished-at="2020-08-26T19:46:31 IST">
          <reporter-output>
          </reporter-output>
        </test-method> <!-- shutDown -->
      </class> <!-- com.meded.qa.Test_cases.LoginPage_Test -->
    </test> <!-- Meded -->
  </suite> <!-- Echonous -->
</testng-results>
